{
"/private/var/www/generator/generator-dummies/generators/app/index.js":{"path":"/private/var/www/generator/generator-dummies/generators/app/index.js","s":{"1":1,"2":1,"3":1,"4":1,"5":1,"6":1,"7":1,"8":1,"9":1,"10":1,"11":1,"12":1},"b":{},"f":{"1":1,"2":1,"3":1,"4":1},"fnMap":{"1":{"name":"(anonymous_1)","line":7,"loc":{"start":{"line":7,"column":13},"end":{"line":7,"column":25}}},"2":{"name":"(anonymous_2)","line":22,"loc":{"start":{"line":22,"column":25},"end":{"line":22,"column":42}}},"3":{"name":"(anonymous_3)","line":30,"loc":{"start":{"line":30,"column":11},"end":{"line":30,"column":23}}},"4":{"name":"(anonymous_4)","line":37,"loc":{"start":{"line":37,"column":11},"end":{"line":37,"column":23}}}},"statementMap":{"1":{"start":{"line":2,"column":0},"end":{"line":2,"column":41}},"2":{"start":{"line":3,"column":0},"end":{"line":3,"column":29}},"3":{"start":{"line":4,"column":0},"end":{"line":4,"column":29}},"4":{"start":{"line":6,"column":0},"end":{"line":40,"column":3}},"5":{"start":{"line":8,"column":4},"end":{"line":8,"column":28}},"6":{"start":{"line":11,"column":4},"end":{"line":13,"column":7}},"7":{"start":{"line":15,"column":4},"end":{"line":20,"column":7}},"8":{"start":{"line":22,"column":4},"end":{"line":27,"column":18}},"9":{"start":{"line":23,"column":6},"end":{"line":23,"column":25}},"10":{"start":{"line":26,"column":6},"end":{"line":26,"column":13}},"11":{"start":{"line":31,"column":4},"end":{"line":34,"column":6}},"12":{"start":{"line":38,"column":4},"end":{"line":38,"column":31}}},"branchMap":{},"l":{"2":1,"3":1,"4":1,"6":1,"8":1,"11":1,"15":1,"22":1,"23":1,"26":1,"31":1,"38":1}}}
